<?xml version="1.0" encoding="UTF-8"?>
<!-- Generated by org.testng.reporters.JUnitReportReporter -->
<testsuite skipped="0" hostname="DESKTOP-6RJGASL" name="testCases.TC_001_AccountRegistration" tests="1" failures="0" timestamp="2022-06-30T14:23:32 IST" time="92.902" errors="0">
  <testcase name="test_account_registration" time="92.902" classname="testCases.TC_001_AccountRegistration"/>
  <system-out/>
</testsuite> <!-- testCases.TC_001_AccountRegistration -->
