<?xml version="1.0" encoding="UTF-8"?>
<!-- Generated by org.testng.reporters.JUnitReportReporter -->
<testsuite skipped="0" hostname="DESKTOP-6RJGASL" name="testCases.TC_002_Login" tests="1" failures="0" timestamp="2022-06-30T16:46:31 IST" time="8.910" errors="0">
  <testcase name="test_Login" time="8.910" classname="testCases.TC_002_Login"/>
  <system-out/>
</testsuite> <!-- testCases.TC_002_Login -->
